<?xml version="1.0" encoding="UTF-8"?>
<!-- Generated by org.testng.reporters.JUnitXMLReporter -->
<testsuite ignored="0" hostname="girja-Latitude-3410" failures="2" tests="3" name="all-tests" time="232.361" errors="0" timestamp="2021-09-24T12:01:31 IST">
  <testcase classname="login.CorrectLoginTest" name="@AfterTest close" time="1.624">
    <failure type="org.openqa.selenium.WebDriverException" message="An unknown error has occurred
Build info: version: &amp;apos;3.141.59&amp;apos;, revision: &amp;apos;e82be7d358&amp;apos;, time: &amp;apos;2018-11-14T08:17:03&amp;apos;
System info: host: &amp;apos;girja-Latitude-3410&amp;apos;, ip: &amp;apos;127.0.1.1&amp;apos;, os.name: &amp;apos;Linux&amp;apos;, os.arch: &amp;apos;amd64&amp;apos;, os.version: &amp;apos;5.11.0-34-generic&amp;apos;, java.version: &amp;apos;11.0.11&amp;apos;
Driver info: org.openqa.selenium.remote.RemoteWebDriver
Capabilities {acceptInsecureCerts: false, browserName: Safari, browserVersion: 13.1.2, javascriptEnabled: true, platform: MAC, platformName: MAC, safari:automaticInspection: false, safari:automaticProfiling: false, safari:diagnose: false, safari:platformBuildVersion: 19G2021, safari:platformVersion: 10.15.6, safari:useSimulator: false, setWindowRect: true, strictFileInteractability: false, webdriver.remote.sessionid: fb54ce7db59e931c46c7b0be087..., webkit:WebRTC: {DisableICECandidateFiltering: false, DisableInsecureMediaCapture: false}}
Session ID: fb54ce7db59e931c46c7b0be087779be175f01e5">
      <![CDATA[org.openqa.selenium.WebDriverException: An unknown error has occurred
Build info: version: '3.141.59', revision: 'e82be7d358', time: '2018-11-14T08:17:03'
System info: host: 'girja-Latitude-3410', ip: '127.0.1.1', os.name: 'Linux', os.arch: 'amd64', os.version: '5.11.0-34-generic', java.version: '11.0.11'
Driver info: org.openqa.selenium.remote.RemoteWebDriver
Capabilities {acceptInsecureCerts: false, browserName: Safari, browserVersion: 13.1.2, javascriptEnabled: true, platform: MAC, platformName: MAC, safari:automaticInspection: false, safari:automaticProfiling: false, safari:diagnose: false, safari:platformBuildVersion: 19G2021, safari:platformVersion: 10.15.6, safari:useSimulator: false, setWindowRect: true, strictFileInteractability: false, webdriver.remote.sessionid: fb54ce7db59e931c46c7b0be087..., webkit:WebRTC: {DisableICECandidateFiltering: false, DisableInsecureMediaCapture: false}}
Session ID: fb54ce7db59e931c46c7b0be087779be175f01e5
at org.openqa.selenium.remote.http.W3CHttpResponseCodec.createException(W3CHttpResponseCodec.java:187)
at org.openqa.selenium.remote.http.W3CHttpResponseCodec.decode(W3CHttpResponseCodec.java:122)
at org.openqa.selenium.remote.http.W3CHttpResponseCodec.decode(W3CHttpResponseCodec.java:49)
at org.openqa.selenium.remote.HttpCommandExecutor.execute(HttpCommandExecutor.java:158)
at org.openqa.selenium.remote.RemoteWebDriver.execute(RemoteWebDriver.java:552)
at org.openqa.selenium.remote.RemoteWebDriver.execute(RemoteWebDriver.java:609)
at org.openqa.selenium.remote.RemoteWebDriver.quit(RemoteWebDriver.java:452)
at login.CorrectLoginTest.close(CorrectLoginTest.java:75)
... Removed 28 stack frames]]>
    </failure>
  </testcase> <!-- @AfterTest close -->
  <testcase classname="login.ForgetPasswordFlow" name="@AfterTest close" time="-1.632465091838E9">
    <skipped/>
  </testcase> <!-- @AfterTest close -->
  <testcase classname="login.IncorrectLoginTest" name="@AfterTest close" time="-1.632465091842E9">
    <skipped/>
  </testcase> <!-- @AfterTest close -->
  <testcase classname="login.ForgetPasswordFlow" name="forgetflow" time="0.14">
    <failure type="org.openqa.selenium.WebDriverException" message="An unknown error has occurred
Build info: version: &amp;apos;3.141.59&amp;apos;, revision: &amp;apos;e82be7d358&amp;apos;, time: &amp;apos;2018-11-14T08:17:03&amp;apos;
System info: host: &amp;apos;girja-Latitude-3410&amp;apos;, ip: &amp;apos;127.0.1.1&amp;apos;, os.name: &amp;apos;Linux&amp;apos;, os.arch: &amp;apos;amd64&amp;apos;, os.version: &amp;apos;5.11.0-34-generic&amp;apos;, java.version: &amp;apos;11.0.11&amp;apos;
Driver info: org.openqa.selenium.remote.RemoteWebDriver
Capabilities {acceptInsecureCerts: false, browserName: Safari, browserVersion: 13.1.2, javascriptEnabled: true, platform: MAC, platformName: MAC, safari:automaticInspection: false, safari:automaticProfiling: false, safari:diagnose: false, safari:platformBuildVersion: 19G2021, safari:platformVersion: 10.15.6, safari:useSimulator: false, setWindowRect: true, strictFileInteractability: false, webdriver.remote.sessionid: e5a1b32184ee93b5b17fff61b56..., webkit:WebRTC: {DisableICECandidateFiltering: false, DisableInsecureMediaCapture: false}}
Session ID: e5a1b32184ee93b5b17fff61b56a71b09df9f6c4">
      <![CDATA[org.openqa.selenium.WebDriverException: An unknown error has occurred
Build info: version: '3.141.59', revision: 'e82be7d358', time: '2018-11-14T08:17:03'
System info: host: 'girja-Latitude-3410', ip: '127.0.1.1', os.name: 'Linux', os.arch: 'amd64', os.version: '5.11.0-34-generic', java.version: '11.0.11'
Driver info: org.openqa.selenium.remote.RemoteWebDriver
Capabilities {acceptInsecureCerts: false, browserName: Safari, browserVersion: 13.1.2, javascriptEnabled: true, platform: MAC, platformName: MAC, safari:automaticInspection: false, safari:automaticProfiling: false, safari:diagnose: false, safari:platformBuildVersion: 19G2021, safari:platformVersion: 10.15.6, safari:useSimulator: false, setWindowRect: true, strictFileInteractability: false, webdriver.remote.sessionid: e5a1b32184ee93b5b17fff61b56..., webkit:WebRTC: {DisableICECandidateFiltering: false, DisableInsecureMediaCapture: false}}
Session ID: e5a1b32184ee93b5b17fff61b56a71b09df9f6c4
at org.openqa.selenium.remote.http.W3CHttpResponseCodec.createException(W3CHttpResponseCodec.java:187)
at org.openqa.selenium.remote.http.W3CHttpResponseCodec.decode(W3CHttpResponseCodec.java:122)
at org.openqa.selenium.remote.http.W3CHttpResponseCodec.decode(W3CHttpResponseCodec.java:49)
at org.openqa.selenium.remote.HttpCommandExecutor.execute(HttpCommandExecutor.java:158)
at org.openqa.selenium.remote.RemoteWebDriver.execute(RemoteWebDriver.java:552)
at org.openqa.selenium.remote.RemoteWebDriver.get(RemoteWebDriver.java:277)
at login.ForgetPasswordFlow.forgetflow(ForgetPasswordFlow.java:33)
at java.base/java.util.ArrayList.forEach(ArrayList.java:1541)
... Removed 31 stack frames]]>
    </failure>
  </testcase> <!-- forgetflow -->
  <testcase classname="login.IncorrectLoginTest" name="incorrectLogin" time="29.074"/>
  <testcase classname="login.CorrectLoginTest" name="correctLogin" time="1.78">
    <failure type="org.openqa.selenium.WebDriverException" message="An unknown error has occurred
Build info: version: &amp;apos;3.141.59&amp;apos;, revision: &amp;apos;e82be7d358&amp;apos;, time: &amp;apos;2018-11-14T08:17:03&amp;apos;
System info: host: &amp;apos;girja-Latitude-3410&amp;apos;, ip: &amp;apos;127.0.1.1&amp;apos;, os.name: &amp;apos;Linux&amp;apos;, os.arch: &amp;apos;amd64&amp;apos;, os.version: &amp;apos;5.11.0-34-generic&amp;apos;, java.version: &amp;apos;11.0.11&amp;apos;
Driver info: org.openqa.selenium.remote.RemoteWebDriver
Capabilities {acceptInsecureCerts: false, browserName: Safari, browserVersion: 13.1.2, javascriptEnabled: true, platform: MAC, platformName: MAC, safari:automaticInspection: false, safari:automaticProfiling: false, safari:diagnose: false, safari:platformBuildVersion: 19G2021, safari:platformVersion: 10.15.6, safari:useSimulator: false, setWindowRect: true, strictFileInteractability: false, webdriver.remote.sessionid: fb54ce7db59e931c46c7b0be087..., webkit:WebRTC: {DisableICECandidateFiltering: false, DisableInsecureMediaCapture: false}}
Session ID: fb54ce7db59e931c46c7b0be087779be175f01e5">
      <![CDATA[org.openqa.selenium.WebDriverException: An unknown error has occurred
Build info: version: '3.141.59', revision: 'e82be7d358', time: '2018-11-14T08:17:03'
System info: host: 'girja-Latitude-3410', ip: '127.0.1.1', os.name: 'Linux', os.arch: 'amd64', os.version: '5.11.0-34-generic', java.version: '11.0.11'
Driver info: org.openqa.selenium.remote.RemoteWebDriver
Capabilities {acceptInsecureCerts: false, browserName: Safari, browserVersion: 13.1.2, javascriptEnabled: true, platform: MAC, platformName: MAC, safari:automaticInspection: false, safari:automaticProfiling: false, safari:diagnose: false, safari:platformBuildVersion: 19G2021, safari:platformVersion: 10.15.6, safari:useSimulator: false, setWindowRect: true, strictFileInteractability: false, webdriver.remote.sessionid: fb54ce7db59e931c46c7b0be087..., webkit:WebRTC: {DisableICECandidateFiltering: false, DisableInsecureMediaCapture: false}}
Session ID: fb54ce7db59e931c46c7b0be087779be175f01e5
at org.openqa.selenium.remote.http.W3CHttpResponseCodec.createException(W3CHttpResponseCodec.java:187)
at org.openqa.selenium.remote.http.W3CHttpResponseCodec.decode(W3CHttpResponseCodec.java:122)
at org.openqa.selenium.remote.http.W3CHttpResponseCodec.decode(W3CHttpResponseCodec.java:49)
at org.openqa.selenium.remote.HttpCommandExecutor.execute(HttpCommandExecutor.java:158)
at org.openqa.selenium.remote.RemoteWebDriver.execute(RemoteWebDriver.java:552)
at org.openqa.selenium.remote.RemoteWebDriver.get(RemoteWebDriver.java:277)
at login.CorrectLoginTest.correctLogin(CorrectLoginTest.java:33)
at java.base/java.util.ArrayList.forEach(ArrayList.java:1541)
... Removed 31 stack frames]]>
    </failure>
  </testcase> <!-- correctLogin -->
</testsuite> <!-- all-tests -->
