<?xml version="1.0" encoding="UTF-8"?>
<!-- Generated by org.testng.reporters.JUnitXMLReporter -->
<testsuite ignored="0" hostname="girja-Latitude-3410" failures="0" tests="5" name="BannerLinking" time="122.626" errors="0" timestamp="2021-09-12T22:08:50 IST">
  <testcase classname="homepage.BannerLinking" name="fifthBanner" time="31.059"/>
  <testcase classname="homepage.BannerLinking" name="firstBanner" time="10.042"/>
  <testcase classname="homepage.BannerLinking" name="fourthBanner" time="18.973"/>
  <testcase classname="homepage.BannerLinking" name="secondBanner" time="19.797"/>
  <testcase classname="homepage.BannerLinking" name="thirdBanner" time="33.959"/>
</testsuite> <!-- BannerLinking -->
