<?xml version="1.0" encoding="UTF-8"?>
<!-- Generated by org.testng.reporters.JUnitXMLReporter -->
<testsuite ignored="0" hostname="girja-Latitude-3410" failures="0" tests="5" name="BannerLinking" time="78.486" errors="0" timestamp="2021-09-24T12:47:31 IST">
  <testcase classname="homepage.BannerLinking" name="fifthBanner" time="21.528"/>
  <testcase classname="homepage.BannerLinking" name="firstBanner" time="14.235"/>
  <testcase classname="homepage.BannerLinking" name="fourthBanner" time="15.73"/>
  <testcase classname="homepage.BannerLinking" name="secondBanner" time="8.236"/>
  <testcase classname="homepage.BannerLinking" name="thirdBanner" time="10.245"/>
</testsuite> <!-- BannerLinking -->
