<?xml version="1.0" encoding="UTF-8"?>
<!-- Generated by org.testng.reporters.JUnitXMLReporter -->
<testsuite ignored="3" hostname="girja-Latitude-3410" failures="0" tests="1" name="Instagram" time="37.778" errors="0" timestamp="2021-09-08T20:53:14 IST">
  <testcase classname="homepage.SocialMedia" name="instagramlink" time="28.362"/>
  <testcase classname="homepage.SocialMedia" name="facebooklink" time="0.0">
    <ignored/>
  </testcase> <!-- facebooklink -->
  <testcase classname="homepage.SocialMedia" name="twitterlink" time="0.0">
    <ignored/>
  </testcase> <!-- twitterlink -->
  <testcase classname="homepage.SocialMedia" name="youtubelink" time="0.0">
    <ignored/>
  </testcase> <!-- youtubelink -->
</testsuite> <!-- Instagram -->
