<?xml version="1.0" encoding="UTF-8"?>
<!-- Generated by org.testng.reporters.JUnitXMLReporter -->
<testsuite ignored="0" hostname="girja-Latitude-3410" failures="1" tests="1" name="MetalBedFrameProductDetailsChanges" time="38.094" errors="0" timestamp="2021-09-24T13:00:18 IST">
  <testcase classname="addtocartproductflow.MetalBedFrameProductDetailsChanges" name="metalBedFrameAddToCart" time="29.846">
    <failure type="java.lang.IndexOutOfBoundsException" message="Index 1 out of bounds for length 0">
      <![CDATA[java.lang.IndexOutOfBoundsException: Index 1 out of bounds for length 0
at java.base/jdk.internal.util.Preconditions.outOfBounds(Preconditions.java:64)
at java.base/jdk.internal.util.Preconditions.outOfBoundsCheckIndex(Preconditions.java:70)
at java.base/jdk.internal.util.Preconditions.checkIndex(Preconditions.java:248)
at java.base/java.util.Objects.checkIndex(Objects.java:372)
at java.base/java.util.ArrayList.get(ArrayList.java:459)
at pageobject.ProductDetailsPage.addToCart(ProductDetailsPage.java:798)
at addtocartproductflow.MetalBedFrameProductDetailsChanges.metalBedFrameAddToCart(MetalBedFrameProductDetailsChanges.java:90)
at java.base/java.util.ArrayList.forEach(ArrayList.java:1541)
... Removed 27 stack frames]]>
    </failure>
  </testcase> <!-- metalBedFrameAddToCart -->
</testsuite> <!-- MetalBedFrameProductDetailsChanges -->
