<?xml version="1.0" encoding="UTF-8"?>
<!-- Generated by org.testng.reporters.JUnitXMLReporter -->
<testsuite ignored="0" hostname="girja-Latitude-3410" failures="1" tests="1" name="OriginalMattressChangeMultipleOption" time="53.337" errors="0" timestamp="2021-09-24T13:17:19 IST">
  <testcase classname="productdetailspagemultipleoptionchange.OriginalMattressChangeMultipleOption" name="originalMattressChangeOption" time="42.903">
    <failure type="org.openqa.selenium.ElementClickInterceptedException" message="element click intercepted: Element &amp;lt;li class=&amp;quot;noSliderDropDown&amp;quot; data-attr=&amp;quot;size&amp;quot; data-name=&amp;quot;variation&amp;quot; data-producttype=&amp;quot;original&amp;quot; data-attribute_scategory=&amp;quot;Single&amp;quot; data-attribute_size=&amp;quot;75\&amp;amp;quot; x 36\&amp;amp;quot; x 6\&amp;amp;quot;&amp;quot; data-outofstock=&amp;quot;0&amp;quot; data-backorder=&amp;quot;0&amp;quot; data-sizetotal=&amp;quot;0&amp;quot; data-sku=&amp;quot;SC-ORIG-S-75x36x6&amp;quot; data-variation=&amp;quot;629230&amp;quot; style=&amp;quot;&amp;quot;&amp;gt;...&amp;lt;/li&amp;gt; is not clickable at point (637, 568). Other element would receive the click: &amp;lt;div class=&amp;quot;soundest-form-without-image-inner soundest-form-without-image-inner-MC&amp;quot;&amp;gt;...&amp;lt;/div&amp;gt;
  (Session info: chrome=92.0.4515.107)
Build info: version: &amp;apos;3.141.59&amp;apos;, revision: &amp;apos;e82be7d358&amp;apos;, time: &amp;apos;2018-11-14T08:17:03&amp;apos;
System info: host: &amp;apos;girja-Latitude-3410&amp;apos;, ip: &amp;apos;127.0.1.1&amp;apos;, os.name: &amp;apos;Linux&amp;apos;, os.arch: &amp;apos;amd64&amp;apos;, os.version: &amp;apos;5.11.0-34-generic&amp;apos;, java.version: &amp;apos;11.0.11&amp;apos;
Driver info: org.openqa.selenium.remote.RemoteWebDriver
Capabilities {acceptInsecureCerts: true, browserName: chrome, browserVersion: 92.0.4515.107, chrome: {chromedriverVersion: 92.0.4515.43 (8c61b7e2989f2..., userDataDir: C:\Windows\proxy\scoped_dir...}, goog:chromeOptions: {debuggerAddress: localhost:5409}, javascriptEnabled: true, networkConnectionEnabled: false, pageLoadStrategy: normal, platform: WINDOWS, platformName: WINDOWS, proxy: Proxy(), setWindowRect: true, strictFileInteractability: false, timeouts: {implicit: 0, pageLoad: 300000, script: 30000}, unhandledPromptBehavior: dismiss and notify, webauthn:extension:credBlob: true, webauthn:extension:largeBlob: true, webauthn:virtualAuthenticators: true, webdriver.remote.sessionid: 633e47eaa998883bdadb7d86e05...}
Session ID: 633e47eaa998883bdadb7d86e05ef5cc2324077b">
      <![CDATA[org.openqa.selenium.ElementClickInterceptedException: element click intercepted: Element <li class="noSliderDropDown" data-attr="size" data-name="variation" data-producttype="original" data-attribute_scategory="Single" data-attribute_size="75\&quot; x 36\&quot; x 6\&quot;" data-outofstock="0" data-backorder="0" data-sizetotal="0" data-sku="SC-ORIG-S-75x36x6" data-variation="629230" style="">...</li> is not clickable at point (637, 568). Other element would receive the click: <div class="soundest-form-without-image-inner soundest-form-without-image-inner-MC">...</div>
  (Session info: chrome=92.0.4515.107)
Build info: version: '3.141.59', revision: 'e82be7d358', time: '2018-11-14T08:17:03'
System info: host: 'girja-Latitude-3410', ip: '127.0.1.1', os.name: 'Linux', os.arch: 'amd64', os.version: '5.11.0-34-generic', java.version: '11.0.11'
Driver info: org.openqa.selenium.remote.RemoteWebDriver
Capabilities {acceptInsecureCerts: true, browserName: chrome, browserVersion: 92.0.4515.107, chrome: {chromedriverVersion: 92.0.4515.43 (8c61b7e2989f2..., userDataDir: C:\Windows\proxy\scoped_dir...}, goog:chromeOptions: {debuggerAddress: localhost:5409}, javascriptEnabled: true, networkConnectionEnabled: false, pageLoadStrategy: normal, platform: WINDOWS, platformName: WINDOWS, proxy: Proxy(), setWindowRect: true, strictFileInteractability: false, timeouts: {implicit: 0, pageLoad: 300000, script: 30000}, unhandledPromptBehavior: dismiss and notify, webauthn:extension:credBlob: true, webauthn:extension:largeBlob: true, webauthn:virtualAuthenticators: true, webdriver.remote.sessionid: 633e47eaa998883bdadb7d86e05...}
Session ID: 633e47eaa998883bdadb7d86e05ef5cc2324077b
at org.openqa.selenium.remote.http.W3CHttpResponseCodec.createException(W3CHttpResponseCodec.java:187)
at org.openqa.selenium.remote.http.W3CHttpResponseCodec.decode(W3CHttpResponseCodec.java:122)
at org.openqa.selenium.remote.http.W3CHttpResponseCodec.decode(W3CHttpResponseCodec.java:49)
at org.openqa.selenium.remote.HttpCommandExecutor.execute(HttpCommandExecutor.java:158)
at org.openqa.selenium.remote.RemoteWebDriver.execute(RemoteWebDriver.java:552)
at org.openqa.selenium.remote.RemoteWebElement.execute(RemoteWebElement.java:285)
at org.openqa.selenium.remote.RemoteWebElement.click(RemoteWebElement.java:84)
at productdetailspagemultipleoptionchange.OriginalMattressChangeMultipleOption.originalMattressChangeOption(OriginalMattressChangeMultipleOption.java:81)
at java.base/java.util.ArrayList.forEach(ArrayList.java:1541)
... Removed 31 stack frames]]>
    </failure>
  </testcase> <!-- originalMattressChangeOption -->
</testsuite> <!-- OriginalMattressChangeMultipleOption -->
