<?xml version="1.0" encoding="UTF-8"?>
<!-- Generated by org.testng.reporters.JUnitXMLReporter -->
<testsuite ignored="1" hostname="girja-Latitude-3410" failures="0" tests="1" name="SocialMedia" time="26.459" errors="0" timestamp="2021-09-08T20:46:45 IST">
  <testcase classname="homepage.SocialMedia" name="facebooklink" time="17.229"/>
  <testcase classname="homepage.SocialMedia" name="instagramlink" time="0.0">
    <ignored/>
  </testcase> <!-- instagramlink -->
</testsuite> <!-- SocialMedia -->
