<?xml version="1.0" encoding="UTF-8"?>
<!-- Generated by org.testng.reporters.JUnitXMLReporter -->
<testsuite ignored="1" hostname="girja-Latitude-3410" failures="0" tests="1" name="SocialMedia2" time="20.573" errors="0" timestamp="2021-09-08T20:47:05 IST">
  <testcase classname="homepage.SocialMedia" name="instagramlink" time="13.0"/>
  <testcase classname="homepage.SocialMedia" name="facebooklink" time="0.0">
    <ignored/>
  </testcase> <!-- facebooklink -->
</testsuite> <!-- SocialMedia2 -->
