<?xml version="1.0" encoding="UTF-8"?>
<!-- Generated by org.testng.reporters.JUnitXMLReporter -->
<testsuite ignored="3" hostname="girja-Latitude-3410" failures="1" tests="1" name="Twitter" time="47.047" errors="0" timestamp="2021-09-08T20:54:01 IST">
  <testcase classname="homepage.SocialMedia" name="twitterlink" time="39.268">
    <failure type="org.openqa.selenium.WebDriverException" message="Remote browser did not respond to getCurrentUrl
Build info: version: &amp;apos;3.141.59&amp;apos;, revision: &amp;apos;e82be7d358&amp;apos;, time: &amp;apos;2018-11-14T08:17:03&amp;apos;
System info: host: &amp;apos;girja-Latitude-3410&amp;apos;, ip: &amp;apos;127.0.1.1&amp;apos;, os.name: &amp;apos;Linux&amp;apos;, os.arch: &amp;apos;amd64&amp;apos;, os.version: &amp;apos;5.11.0-31-generic&amp;apos;, java.version: &amp;apos;11.0.11&amp;apos;
Driver info: driver.version: RemoteWebDriver">
      <![CDATA[org.openqa.selenium.WebDriverException: Remote browser did not respond to getCurrentUrl
Build info: version: '3.141.59', revision: 'e82be7d358', time: '2018-11-14T08:17:03'
System info: host: 'girja-Latitude-3410', ip: '127.0.1.1', os.name: 'Linux', os.arch: 'amd64', os.version: '5.11.0-31-generic', java.version: '11.0.11'
Driver info: driver.version: RemoteWebDriver
at org.openqa.selenium.remote.RemoteWebDriver.getCurrentUrl(RemoteWebDriver.java:289)
at homepage.SocialMedia.twitterlink(SocialMedia.java:135)
at java.base/java.util.ArrayList.forEach(ArrayList.java:1541)
... Removed 27 stack frames]]>
    </failure>
  </testcase> <!-- twitterlink -->
  <testcase classname="homepage.SocialMedia" name="instagramlink" time="0.0">
    <ignored/>
  </testcase> <!-- instagramlink -->
  <testcase classname="homepage.SocialMedia" name="facebooklink" time="0.0">
    <ignored/>
  </testcase> <!-- facebooklink -->
  <testcase classname="homepage.SocialMedia" name="youtubelink" time="0.0">
    <ignored/>
  </testcase> <!-- youtubelink -->
</testsuite> <!-- Twitter -->
