<?xml version="1.0" encoding="UTF-8"?>
<!-- Generated by org.testng.reporters.JUnitXMLReporter -->
<testsuite ignored="3" hostname="girja-Latitude-3410" failures="0" tests="1" name="Youtube" time="41.779" errors="0" timestamp="2021-09-08T20:54:42 IST">
  <testcase classname="homepage.SocialMedia" name="youtubelink" time="31.597"/>
  <testcase classname="homepage.SocialMedia" name="instagramlink" time="0.0">
    <ignored/>
  </testcase> <!-- instagramlink -->
  <testcase classname="homepage.SocialMedia" name="facebooklink" time="0.0">
    <ignored/>
  </testcase> <!-- facebooklink -->
  <testcase classname="homepage.SocialMedia" name="twitterlink" time="0.0">
    <ignored/>
  </testcase> <!-- twitterlink -->
</testsuite> <!-- Youtube -->
